<?xml version="1.0" encoding="UTF-8"?>
<!-- Generated by org.testng.reporters.JUnitXMLReporter -->
<testsuite hostname="admin-PC" ignored="2" name="Default test" tests="2" failures="0" timestamp="08 Aug 2019 10:20:36 GMT" time="333.488" errors="0">
  <testcase name="validateNewContactTest" time="25.379" classname="com.Xyphias.QA.RahulCompletePOM.ContactsPageTest"/>
  <testcase name="validateNewContactTest" time="25.818" classname="com.Xyphias.QA.RahulCompletePOM.ContactsPageTest"/>
  <testcase name="contactslabeltest" time="0.0" classname="com.Xyphias.QA.RahulCompletePOM.ContactsPageTest">
    <ignored/>
  </testcase> <!-- contactslabeltest -->
  <testcase name="singleselectnametest" time="0.0" classname="com.Xyphias.QA.RahulCompletePOM.ContactsPageTest">
    <ignored/>
  </testcase> <!-- singleselectnametest -->
</testsuite> <!-- Default test -->
